Arguments: 
  C:\Program Files\nodejs\node.exe C:\Users\samue\AppData\Roaming\npm\node_modules\yarn\bin\yarn.js install

PATH: 
  C:\Users\samue\bin;C:\Program Files\Git\mingw64\bin;C:\Program Files\Git\usr\local\bin;C:\Program Files\Git\usr\bin;C:\Program Files\Git\usr\bin;C:\Program Files\Git\mingw64\bin;C:\Program Files\Git\usr\bin;C:\Users\samue\bin;C:\Windows\system32;C:\Windows;C:\Windows\System32\Wbem;C:\Windows\System32\WindowsPowerShell\v1.0;C:\Windows\System32\OpenSSH;C:\Program Files (x86)\NVIDIA Corporation\PhysX\Common;C:\Program Files\NVIDIA Corporation\NVIDIA NvDLISR;C:\WINDOWS\system32;C:\WINDOWS;C:\WINDOWS\System32\Wbem;C:\WINDOWS\System32\WindowsPowerShell\v1.0;C:\WINDOWS\System32\OpenSSH;%NVM_HOME%;%NVM_SYMLINK%;C:\Program Files (x86)\dotnet;C:\Program Files (x86)\Calibre2;C:\Program Files\Git\cmd;C:\Users\samue\AppData\Local\Microsoft\WindowsApps;C:\Users\samue\AppData\Local\Programs\Microsoft VS Code\bin;C:\Users\samue\AppData\Roaming\npm;C:\Users\samue\AppData\Roaming\nvm;C:\Program Files\nodejs;C:\Program Files\Git\usr\bin\vendor_perl;C:\Program Files\Git\usr\bin\core_perl

Yarn version: 
  1.22.17

Node version: 
  16.13.2

Platform: 
  win32 x64

Trace: 
  SyntaxError: C:\Users\samue\Documents\platzi-librerias-ui\material-ui-project\package.json: Unexpected string in JSON at position 282
      at JSON.parse (<anonymous>)
      at C:\Users\samue\AppData\Roaming\npm\node_modules\yarn\lib\cli.js:1625:59
      at Generator.next (<anonymous>)
      at step (C:\Users\samue\AppData\Roaming\npm\node_modules\yarn\lib\cli.js:310:30)
      at C:\Users\samue\AppData\Roaming\npm\node_modules\yarn\lib\cli.js:321:13

npm manifest: 
  {
    "name": "material-ui-project",
    "version": "1.0.0",
    "description": "",
    "main": "index.js",
    "scripts": {
      "test": "echo \"Error: no test specified\" && exit 1",
      "start": "webpack serve --mode development"
    },
    "keywords": [],
    "author": "",
    "license": "ISC"
    "dependencies": {
      "@emotion/react": "11.8.1",
      "@emotion/styled": "11.8.1",
      "@mui/icons-material": "5.4.4",
      "@mui/material": "5.4.4",
      "react": "17.0.2",
      "react-dom": "17.0.2"
    },
    "devDependencies": {
      "@babel/core": "7.17.5",
      "@babel/eslint-parser": "7.17.0",
      "@babel/plugin-transform-runtime": "7.17.0",
      "@babel/preset-env": "7.16.11",
      "@babel/preset-react": "7.16.7",
      "babel-eslint": "10.1.0",
      "babel-loader": "8.2.3",
      "eslint": "8.10.0",
      "eslint-config-airbnb": "19.0.4",
      "eslint-config-prettier": "8.5.0",
      "eslint-plugin-import": "2.25.4",
      "eslint-plugin-jsx-a11y": "6.5.1",
      "eslint-plugin-prettier": "4.0.0",
      "eslint-plugin-react": "7.29.3",
      "file-loader": "6.2.0",
      "html-loader": "3.1.0",
      "html-webpack-plugin": "5.5.0",
      "mini-css-extract-plugin": "2.6.0",
      "prettier": "2.5.1",
      "webpack": "5.70.0",
      "webpack-cli": "4.9.2",
      "webpack-dev-server": "4.7.4"
    }
  }

yarn manifest: 
  No manifest

Lockfile: 
  No lockfile
